app/build/intermediates/manifest_merge_blame_file/debug/manifest-merger-blame-debug-report.txt
1<?xml version="1.0" encoding="utf-8"?>
2<manifest xmlns:android="http://schemas.android.com/apk/res/android"
3    package="com.generalmobile.app.driverexample"
4    android:versionCode="1"
5    android:versionName="1.0.0" >
6
7    <uses-sdk
8        android:minSdkVersion="21"
8-->src\main\AndroidManifest.xml
9        android:targetSdkVersion="28" />
9-->src\main\AndroidManifest.xml
10
11    <uses-permission android:name="android.permission.INTERNET" />
11-->src\main\AndroidManifest.xml:5:5-83
11-->src\main\AndroidManifest.xml:5:22-64
12
13    <application
13-->src\main\AndroidManifest.xml:7:5-34:19
14        android:name="com.generalmobile.app.driverexample.App"
14-->src\main\AndroidManifest.xml:8:9-28
15        android:allowBackup="true"
15-->src\main\AndroidManifest.xml:9:9-35
16        android:appComponentFactory="androidx.core.app.CoreComponentFactory"
16-->[androidx.core:core:1.1.0] AndroidManifest.xml:24:18-86
17        android:debuggable="true"
18        android:icon="@mipmap/ic_launcher"
18-->src\main\AndroidManifest.xml:10:9-43
19        android:label="@string/app_name"
19-->src\main\AndroidManifest.xml:11:9-41
20        android:supportsRtl="true"
20-->src\main\AndroidManifest.xml:12:9-35
21        android:testOnly="true"
22        android:theme="@style/AppTheme"
22-->src\main\AndroidManifest.xml:13:9-40
23        android:usesCleartextTraffic="true" >
23-->src\main\AndroidManifest.xml:14:9-44
24        <activity android:name="com.generalmobile.app.driverexample.ui.dashboard.DashboardActivity" >
24-->src\main\AndroidManifest.xml:15:9-17:20
24-->src\main\AndroidManifest.xml:15:19-65
25        </activity>
26        <activity
26-->src\main\AndroidManifest.xml:18:9-21:56
27            android:name="com.generalmobile.app.driverexample.ui.main.MainActivity"
27-->src\main\AndroidManifest.xml:19:13-49
28            android:label="@string/app_name"
28-->src\main\AndroidManifest.xml:20:13-45
29            android:theme="@style/AppTheme" />
29-->src\main\AndroidManifest.xml:21:13-44
30        <activity
30-->src\main\AndroidManifest.xml:22:9-30:20
31            android:name="com.generalmobile.app.driverexample.ui.splash.SplashActivity"
31-->src\main\AndroidManifest.xml:23:13-53
32            android:theme="@style/Splash" >
32-->src\main\AndroidManifest.xml:24:13-42
33            <intent-filter>
33-->src\main\AndroidManifest.xml:25:13-29:29
34                <action android:name="android.intent.action.MAIN" />
34-->src\main\AndroidManifest.xml:26:17-69
34-->src\main\AndroidManifest.xml:26:25-66
35
36                <category android:name="android.intent.category.LAUNCHER" />
36-->src\main\AndroidManifest.xml:28:17-77
36-->src\main\AndroidManifest.xml:28:27-74
37            </intent-filter>
38        </activity> <!-- TODO:put your fabric api key here -->
39        <meta-data
39-->src\main\AndroidManifest.xml:31:9-33:32
40            android:name="io.fabric.ApiKey"
40-->src\main\AndroidManifest.xml:32:13-44
41            android:value="" />
41-->src\main\AndroidManifest.xml:33:13-29
42
43        <provider
43-->[com.crashlytics.sdk.android:crashlytics:2.9.4] AndroidManifest.xml:12:9-16:39
44            android:name="com.crashlytics.android.CrashlyticsInitProvider"
44-->[com.crashlytics.sdk.android:crashlytics:2.9.4] AndroidManifest.xml:13:13-75
45            android:authorities="com.generalmobile.app.driverexample.crashlyticsinitprovider"
45-->[com.crashlytics.sdk.android:crashlytics:2.9.4] AndroidManifest.xml:14:13-75
46            android:exported="false"
46-->[com.crashlytics.sdk.android:crashlytics:2.9.4] AndroidManifest.xml:15:13-37
47            android:initOrder="100" />
47-->[com.crashlytics.sdk.android:crashlytics:2.9.4] AndroidManifest.xml:16:13-36
48        <provider
48-->[com.squareup.picasso:picasso:2.71828] AndroidManifest.xml:8:9-11:40
49            android:name="com.squareup.picasso.PicassoProvider"
49-->[com.squareup.picasso:picasso:2.71828] AndroidManifest.xml:9:13-64
50            android:authorities="com.generalmobile.app.driverexample.com.squareup.picasso"
50-->[com.squareup.picasso:picasso:2.71828] AndroidManifest.xml:10:13-72
51            android:exported="false" />
51-->[com.squareup.picasso:picasso:2.71828] AndroidManifest.xml:11:13-37
52        <provider
52-->[androidx.lifecycle:lifecycle-process:2.0.0] AndroidManifest.xml:23:9-27:43
53            android:name="androidx.lifecycle.ProcessLifecycleOwnerInitializer"
53-->[androidx.lifecycle:lifecycle-process:2.0.0] AndroidManifest.xml:24:13-79
54            android:authorities="com.generalmobile.app.driverexample.lifecycle-process"
54-->[androidx.lifecycle:lifecycle-process:2.0.0] AndroidManifest.xml:25:13-69
55            android:exported="false"
55-->[androidx.lifecycle:lifecycle-process:2.0.0] AndroidManifest.xml:26:13-37
56            android:multiprocess="true" />
56-->[androidx.lifecycle:lifecycle-process:2.0.0] AndroidManifest.xml:27:13-40
57    </application>
58
59</manifest>